08:34:49 **** Build of configuration Debug for project Control_ECU ****
make all 
Building file: ../Buzzer.c
Invoking: AVR Compiler
avr-gcc -Wall -g2 -gstabs -O0 -fpack-struct -fshort-enums -ffunction-sections -fdata-sections -std=gnu99 -funsigned-char -funsigned-bitfields -mmcu=atmega32 -DF_CPU=8000000UL -MMD -MP -MF"Buzzer.d" -MT"Buzzer.o" -c -o "Buzzer.o" "../Buzzer.c"
Finished building: ../Buzzer.c
 
Building file: ../Control_ECU.c
Invoking: AVR Compiler
avr-gcc -Wall -g2 -gstabs -O0 -fpack-struct -fshort-enums -ffunction-sections -fdata-sections -std=gnu99 -funsigned-char -funsigned-bitfields -mmcu=atmega32 -DF_CPU=8000000UL -MMD -MP -MF"Control_ECU.d" -MT"Control_ECU.o" -c -o "Control_ECU.o" "../Control_ECU.c"
In file included from ../Control_ECU.h:20,
                 from ../Control_ECU.c:13:
c:/winavr-20100110/lib/gcc/../../avr/include/util/delay.h:90:3: warning: #warning "Compiler optimizations disabled; functions from <util/delay.h> won't work as designed"
Finished building: ../Control_ECU.c
 
Building file: ../Timer.c
Invoking: AVR Compiler
avr-gcc -Wall -g2 -gstabs -O0 -fpack-struct -fshort-enums -ffunction-sections -fdata-sections -std=gnu99 -funsigned-char -funsigned-bitfields -mmcu=atmega32 -DF_CPU=8000000UL -MMD -MP -MF"Timer.d" -MT"Timer.o" -c -o "Timer.o" "../Timer.c"
../Timer.c: In function 'Timer1_setCallBack':
../Timer.c:105: warning: function return types not compatible due to 'volatile'
Finished building: ../Timer.c
 
Building file: ../dc_motor.c
Invoking: AVR Compiler
avr-gcc -Wall -g2 -gstabs -O0 -fpack-struct -fshort-enums -ffunction-sections -fdata-sections -std=gnu99 -funsigned-char -funsigned-bitfields -mmcu=atmega32 -DF_CPU=8000000UL -MMD -MP -MF"dc_motor.d" -MT"dc_motor.o" -c -o "dc_motor.o" "../dc_motor.c"
Finished building: ../dc_motor.c
 
Building file: ../external_eeprom.c
Invoking: AVR Compiler
avr-gcc -Wall -g2 -gstabs -O0 -fpack-struct -fshort-enums -ffunction-sections -fdata-sections -std=gnu99 -funsigned-char -funsigned-bitfields -mmcu=atmega32 -DF_CPU=8000000UL -MMD -MP -MF"external_eeprom.d" -MT"external_eeprom.o" -c -o "external_eeprom.o" "../external_eeprom.c"
Finished building: ../external_eeprom.c
 
Building file: ../gpio.c
Invoking: AVR Compiler
avr-gcc -Wall -g2 -gstabs -O0 -fpack-struct -fshort-enums -ffunction-sections -fdata-sections -std=gnu99 -funsigned-char -funsigned-bitfields -mmcu=atmega32 -DF_CPU=8000000UL -MMD -MP -MF"gpio.d" -MT"gpio.o" -c -o "gpio.o" "../gpio.c"
Finished building: ../gpio.c
 
Building file: ../twi.c
Invoking: AVR Compiler
avr-gcc -Wall -g2 -gstabs -O0 -fpack-struct -fshort-enums -ffunction-sections -fdata-sections -std=gnu99 -funsigned-char -funsigned-bitfields -mmcu=atmega32 -DF_CPU=8000000UL -MMD -MP -MF"twi.d" -MT"twi.o" -c -o "twi.o" "../twi.c"
Finished building: ../twi.c
 
Building file: ../uart.c
Invoking: AVR Compiler
avr-gcc -Wall -g2 -gstabs -O0 -fpack-struct -fshort-enums -ffunction-sections -fdata-sections -std=gnu99 -funsigned-char -funsigned-bitfields -mmcu=atmega32 -DF_CPU=8000000UL -MMD -MP -MF"uart.d" -MT"uart.o" -c -o "uart.o" "../uart.c"
Finished building: ../uart.c
 
Building target: Control_ECU.elf
Invoking: AVR C Linker
avr-gcc -Wl,-Map,Control_ECU.map -mmcu=atmega32 -o "Control_ECU.elf"  ./Buzzer.o ./Control_ECU.o ./Timer.o ./dc_motor.o ./external_eeprom.o ./gpio.o ./twi.o ./uart.o   
Finished building target: Control_ECU.elf
 
Invoking: AVR Create Extended Listing
avr-objdump -h -S Control_ECU.elf  >"Control_ECU.lss"
Finished building: Control_ECU.lss
 
Invoking: Print Size
avr-size --format=avr --mcu=atmega32 Control_ECU.elf
AVR Memory Usage
----------------
Device: atmega32

Program:    8870 bytes (27.1% Full)
(.text + .data + .bootloader)

Data:         28 bytes (1.4% Full)
(.data + .bss + .noinit)


Finished building: sizedummy
 

08:34:51 Build Finished. 0 errors, 2 warnings. (took 2s.17ms)

